<?xml version="1.0" encoding="UTF-8"?>
<!-- Generated by org.testng.reporters.JUnitReportReporter -->
<testsuite hostname="Kumars-MacBook-Air.local" failures="0" tests="1" name="TestScenario.FacebookLinkFinderTest" time="1.068" errors="0" timestamp="2024-05-14T20:15:13 IST" skipped="0">
  <testcase classname="TestScenario.FacebookLinkFinderTest" name="testFacebookLinks" time="1.068"/>
</testsuite> <!-- TestScenario.FacebookLinkFinderTest -->
