<?xml version="1.0" encoding="UTF-8"?>
<!-- Generated by org.testng.reporters.JUnitReportReporter -->
<testsuite hostname="Kumars-MacBook-Air.local" failures="0" tests="1" name="TestScenario.FacebookLinkFinderHeadless" time="0.959" errors="0" timestamp="2024-05-16T00:35:56 IST" skipped="0">
  <testcase classname="TestScenario.FacebookLinkFinderHeadless" name="testFacebookLinks" time="0.959"/>
</testsuite> <!-- TestScenario.FacebookLinkFinderHeadless -->
