<?xml version="1.0" encoding="UTF-8"?>
<!-- Generated by org.testng.reporters.JUnitReportReporter -->
<testsuite hostname="Kumars-MacBook-Air.local" failures="0" tests="1" name="TestScenario.FacebookLinkFinderHeadless" time="1.021" errors="0" timestamp="2024-05-16T00:44:05 IST" skipped="0">
  <testcase classname="TestScenario.FacebookLinkFinderHeadless" name="testFacebookLinks" time="1.021"/>
</testsuite> <!-- TestScenario.FacebookLinkFinderHeadless -->
